<?xml version="1.0" encoding="UTF-8"?>
<testsuite xmlns:xsi="http://www.w3.org/2001/XMLSchema-instance" xsi:schemaLocation="https://maven.apache.org/surefire/maven-surefire-plugin/xsd/surefire-test-report.xsd" name="autotests.co.uk.zpl.stepdefs.RunFile" time="79.655" tests="5" errors="2" skipped="1" failures="0">
  <properties>
[...]
</properties>
  <testcase name="Then I see search text field on the homepage" classname="Scenario: Basic channels in the Homepage" time="0.001"/>
  <testcase name="When I enter science museum london imax price tickets in the search field" classname="Scenario: Basic channels in the Homepage" time="0"/>
  <testcase name="And I hit the search button" classname="Scenario: Basic channels in the Homepage" time="0.007">
    <error message="element not interactable&#10;  (Session info: chrome=76.0.3809.100)&#10;  (Driver info: chromedriver=76.0.3809.68 (420c9498db8ce8fcd190a954d51297672c1515d5-refs/branch-heads/3809@{#864}),platform=Windows NT 10.0.17763 x86_64) (WARNING: The server did not provide any stacktrace information)&#10;Command duration or timeout: 60.02 seconds&#10;Build info: version: &apos;2.53.0&apos;, revision: &apos;35ae25b1534ae328c771e0856c93e187490ca824&apos;, time: &apos;2016-03-15 10:43:46&apos;&#10;System info: host: &apos;Sasikalaj45&apos;, ip: &apos;192.168.0.50&apos;, os.name: &apos;Windows 10&apos;, os.arch: &apos;amd64&apos;, os.version: &apos;10.0&apos;, java.version: &apos;12.0.2&apos;&#10;Driver info: org.openqa.selenium.chrome.ChromeDriver&#10;Capabilities [{mobileEmulationEnabled=false, timeouts={implicit=0, pageLoad=300000, script=30000}, hasTouchScreen=false, platform=XP, acceptSslCerts=false, goog:chromeOptions={debuggerAddress=localhost:60767}, acceptInsecureCerts=false, webStorageEnabled=true, browserName=chrome, takesScreenshot=true, javascriptEnabled=true, setWindowRect=true, unexpectedAlertBehaviour=ignore, applicationCacheEnabled=false, rotatable=false, networkConnectionEnabled=false, chrome={chromedriverVersion=76.0.3809.68 (420c9498db8ce8fcd190a954d51297672c1515d5-refs/branch-heads/3809@{#864}), userDataDir=C:\Users\Sasikala\AppData\Local\Temp\scoped_dir14660_791220464}, takesHeapSnapshot=true, pageLoadStrategy=normal, strictFileInteractability=false, databaseEnabled=false, handlesAlerts=true, version=76.0.3809.100, browserConnectionEnabled=false, proxy={}, nativeEvents=true, locationContextEnabled=true, cssSelectorsEnabled=true}]&#10;Session ID: 4981519869c6c753f4bbdda0d89ab22a" type="org.openqa.selenium.ElementNotVisibleException">org.openqa.selenium.ElementNotVisibleException: 
element not interactable
  (Session info: chrome=76.0.3809.100)
  (Driver info: chromedriver=76.0.3809.68 (420c9498db8ce8fcd190a954d51297672c1515d5-refs/branch-heads/3809@{#864}),platform=Windows NT 10.0.17763 x86_64) (WARNING: The server did not provide any stacktrace information)
Command duration or timeout: 60.02 seconds
Build info: version: '2.53.0', revision: '35ae25b1534ae328c771e0856c93e187490ca824', time: '2016-03-15 10:43:46'
System info: host: 'Sasikalaj45', ip: '192.168.0.50', os.name: 'Windows 10', os.arch: 'amd64', os.version: '10.0', java.version: '12.0.2'
Driver info: org.openqa.selenium.chrome.ChromeDriver
Capabilities [{mobileEmulationEnabled=false, timeouts={implicit=0, pageLoad=300000, script=30000}, hasTouchScreen=false, platform=XP, acceptSslCerts=false, goog:chromeOptions={debuggerAddress=localhost:60767}, acceptInsecureCerts=false, webStorageEnabled=true, browserName=chrome, takesScreenshot=true, javascriptEnabled=true, setWindowRect=true, unexpectedAlertBehaviour=ignore, applicationCacheEnabled=false, rotatable=false, networkConnectionEnabled=false, chrome={chromedriverVersion=76.0.3809.68 (420c9498db8ce8fcd190a954d51297672c1515d5-refs/branch-heads/3809@{#864}), userDataDir=C:\Users\Sasikala\AppData\Local\Temp\scoped_dir14660_791220464}, takesHeapSnapshot=true, pageLoadStrategy=normal, strictFileInteractability=false, databaseEnabled=false, handlesAlerts=true, version=76.0.3809.100, browserConnectionEnabled=false, proxy={}, nativeEvents=true, locationContextEnabled=true, cssSelectorsEnabled=true}]
Session ID: 4981519869c6c753f4bbdda0d89ab22a
</error>
    <system-out><![CDATA[Config base urk inside LoginPagehttps://www.google.com
Uxbridge
Text of search field
]]></system-out>
  </testcase>
  <testcase name="Scenario: Basic channels in the Homepage" classname="Scenario: Basic channels in the Homepage" time="0.008">
    <error message="element not interactable&#10;  (Session info: chrome=76.0.3809.100)&#10;  (Driver info: chromedriver=76.0.3809.68 (420c9498db8ce8fcd190a954d51297672c1515d5-refs/branch-heads/3809@{#864}),platform=Windows NT 10.0.17763 x86_64) (WARNING: The server did not provide any stacktrace information)&#10;Command duration or timeout: 60.02 seconds&#10;Build info: version: &apos;2.53.0&apos;, revision: &apos;35ae25b1534ae328c771e0856c93e187490ca824&apos;, time: &apos;2016-03-15 10:43:46&apos;&#10;System info: host: &apos;Sasikalaj45&apos;, ip: &apos;192.168.0.50&apos;, os.name: &apos;Windows 10&apos;, os.arch: &apos;amd64&apos;, os.version: &apos;10.0&apos;, java.version: &apos;12.0.2&apos;&#10;Driver info: org.openqa.selenium.chrome.ChromeDriver&#10;Capabilities [{mobileEmulationEnabled=false, timeouts={implicit=0, pageLoad=300000, script=30000}, hasTouchScreen=false, platform=XP, acceptSslCerts=false, goog:chromeOptions={debuggerAddress=localhost:60767}, acceptInsecureCerts=false, webStorageEnabled=true, browserName=chrome, takesScreenshot=true, javascriptEnabled=true, setWindowRect=true, unexpectedAlertBehaviour=ignore, applicationCacheEnabled=false, rotatable=false, networkConnectionEnabled=false, chrome={chromedriverVersion=76.0.3809.68 (420c9498db8ce8fcd190a954d51297672c1515d5-refs/branch-heads/3809@{#864}), userDataDir=C:\Users\Sasikala\AppData\Local\Temp\scoped_dir14660_791220464}, takesHeapSnapshot=true, pageLoadStrategy=normal, strictFileInteractability=false, databaseEnabled=false, handlesAlerts=true, version=76.0.3809.100, browserConnectionEnabled=false, proxy={}, nativeEvents=true, locationContextEnabled=true, cssSelectorsEnabled=true}]&#10;Session ID: 4981519869c6c753f4bbdda0d89ab22a" type="org.openqa.selenium.ElementNotVisibleException">org.openqa.selenium.ElementNotVisibleException: 
element not interactable
  (Session info: chrome=76.0.3809.100)
  (Driver info: chromedriver=76.0.3809.68 (420c9498db8ce8fcd190a954d51297672c1515d5-refs/branch-heads/3809@{#864}),platform=Windows NT 10.0.17763 x86_64) (WARNING: The server did not provide any stacktrace information)
Command duration or timeout: 60.02 seconds
Build info: version: '2.53.0', revision: '35ae25b1534ae328c771e0856c93e187490ca824', time: '2016-03-15 10:43:46'
System info: host: 'Sasikalaj45', ip: '192.168.0.50', os.name: 'Windows 10', os.arch: 'amd64', os.version: '10.0', java.version: '12.0.2'
Driver info: org.openqa.selenium.chrome.ChromeDriver
Capabilities [{mobileEmulationEnabled=false, timeouts={implicit=0, pageLoad=300000, script=30000}, hasTouchScreen=false, platform=XP, acceptSslCerts=false, goog:chromeOptions={debuggerAddress=localhost:60767}, acceptInsecureCerts=false, webStorageEnabled=true, browserName=chrome, takesScreenshot=true, javascriptEnabled=true, setWindowRect=true, unexpectedAlertBehaviour=ignore, applicationCacheEnabled=false, rotatable=false, networkConnectionEnabled=false, chrome={chromedriverVersion=76.0.3809.68 (420c9498db8ce8fcd190a954d51297672c1515d5-refs/branch-heads/3809@{#864}), userDataDir=C:\Users\Sasikala\AppData\Local\Temp\scoped_dir14660_791220464}, takesHeapSnapshot=true, pageLoadStrategy=normal, strictFileInteractability=false, databaseEnabled=false, handlesAlerts=true, version=76.0.3809.100, browserConnectionEnabled=false, proxy={}, nativeEvents=true, locationContextEnabled=true, cssSelectorsEnabled=true}]
Session ID: 4981519869c6c753f4bbdda0d89ab22a
</error>
  </testcase>
  <testcase name="Then Url should contain science" classname="Scenario: Basic channels in the Homepage" time="0">
    <skipped/>
  </testcase>
</testsuite>